
2023/04/06 (19:40:43) | ===> btop++ v.1.2.13
2023/04/06 (19:40:43) | ERROR: Invalid hex value: 89dceb

# Process box color gradient for threads, mem and cpu usage (Sapphire -> Mauve)
theme[process_start]=
2023/04/06 (19:40:47) | ERROR: Invalid hex value: 89dceb

# Process box color gradient for threads, mem and cpu usage (Sapphire -> Mauve)
theme[process_start]=
2023/04/06 (19:41:05) | ERROR: Invalid hex value: 89dceb

# Process box color gradient for threads, mem and cpu usage (Sapphire -> Mauve)
theme[process_start]=

2023/04/18 (23:58:06) | ===> btop++ v.1.2.13
2023/04/18 (23:58:06) | ERROR: Invalid hex value: 89dceb

# Process box color gradient for threads, mem and cpu usage (Sapphire -> Mauve)
theme[process_start]=

2023/04/18 (23:58:22) | ===> btop++ v.1.2.13
2023/04/18 (23:58:22) | ERROR: Invalid hex value: 89dceb

# Process box color gradient for threads, mem and cpu usage (Sapphire -> Mauve)
theme[process_start]=

2023/04/23 (17:45:27) | ===> btop++ v.1.2.13
2023/04/23 (17:45:27) | ERROR: Invalid hex value: 89dceb

# Process box color gradient for threads, mem and cpu usage (Sapphire -> Mauve)
theme[process_start]=

2023/05/07 (21:00:57) | ===> btop++ v.1.2.13
2023/05/07 (21:00:57) | ERROR: Stall in Runner thread, restarting!

2023/05/19 (20:49:19) | ===> btop++ v.1.2.13
2023/05/19 (20:49:19) | ERROR: Invalid hex value: 89dceb

# Process box color gradient for threads, mem and cpu usage (Sapphire -> Mauve)
theme[process_start]=
2023/05/19 (20:49:56) | ERROR: Invalid hex value: 89dceb

# Process box color gradient for threads, mem and cpu usage (Sapphire -> Mauve)
theme[process_start]=

2023/05/19 (21:38:40) | ===> btop++ v.1.2.13
2023/05/19 (21:38:40) | ERROR: Invalid hex value: 89dceb

# Process box color gradient for threads, mem and cpu usage (Sapphire -> Mauve)
theme[process_start]=
2023/05/19 (21:38:42) | ERROR: Invalid hex value: 89dceb

# Process box color gradient for threads, mem and cpu usage (Sapphire -> Mauve)
theme[process_start]=

2023/05/20 (16:31:46) | ===> btop++ v.1.2.13
2023/05/20 (16:31:46) | ERROR: Invalid hex value: 89dceb

# Process box color gradient for threads, mem and cpu usage (Sapphire -> Mauve)
theme[process_start]=
